0 info it worked if it ends with ok
1 verbose cli [ 'node', '/usr/bin/npm', 'start' ]
2 info using npm@3.3.9
3 info using node@v0.10.37
4 verbose node symlink /usr/bin/node
5 verbose run-script [ 'prestart', 'start', 'poststart' ]
6 info lifecycle short@1.0.0~prestart: short@1.0.0
7 silly lifecycle short@1.0.0~prestart: no script for prestart, continuing
8 info lifecycle short@1.0.0~start: short@1.0.0
9 verbose lifecycle short@1.0.0~start: unsafe-perm in lifecycle true
10 verbose lifecycle short@1.0.0~start: PATH: /usr/lib/node_modules/npm/bin/node-gyp-bin:/home/inversesquare/Kitchen/js.sc/short/node_modules/.bin:/home/inversesquare/.rbenv/plugins/ruby-build/bin:/home/inversesquare/.rbenv/shims:/home/inversesquare/.rbenv/bin:/usr/local/sbin:/usr/local/bin:/usr/sbin:/usr/bin:/sbin:/bin:/usr/games:/usr/local/games:/home/inversesquare/.rvm/bin:/home/inversesquare/.rvm/bin
11 verbose lifecycle short@1.0.0~start: CWD: /home/inversesquare/Kitchen/js.sc/short
12 silly lifecycle short@1.0.0~start: Args: [ '-c', 'node dx.js' ]
13 silly lifecycle short@1.0.0~start: Returned: code: 8  signal: null
14 info lifecycle short@1.0.0~start: Failed to exec start script
15 verbose stack Error: short@1.0.0 start: `node dx.js`
15 verbose stack Exit status 8
15 verbose stack     at EventEmitter.<anonymous> (/usr/lib/node_modules/npm/lib/utils/lifecycle.js:233:16)
15 verbose stack     at EventEmitter.emit (events.js:98:17)
15 verbose stack     at ChildProcess.<anonymous> (/usr/lib/node_modules/npm/lib/utils/spawn.js:24:14)
15 verbose stack     at ChildProcess.emit (events.js:98:17)
15 verbose stack     at maybeClose (child_process.js:766:16)
15 verbose stack     at Process.ChildProcess._handle.onexit (child_process.js:833:5)
16 verbose pkgid short@1.0.0
17 verbose cwd /home/inversesquare/Kitchen/js.sc/short
18 error Linux 3.13.0-40-generic
19 error argv "node" "/usr/bin/npm" "start"
20 error node v0.10.37
21 error npm  v3.3.9
22 error code ELIFECYCLE
23 error short@1.0.0 start: `node dx.js`
23 error Exit status 8
24 error Failed at the short@1.0.0 start script 'node dx.js'.
24 error This is most likely a problem with the short package,
24 error not with npm itself.
24 error Tell the author that this fails on your system:
24 error     node dx.js
24 error You can get their info via:
24 error     npm owner ls short
24 error There is likely additional logging output above.
25 verbose exit [ 1, true ]
